1.3284 	WARNING 	We strongly recommend you activate the PTB sound engine in PsychoPy prefs as the preferred audio engine. Its timing is vastly superior. Your prefs are currently set to use ['sounddevice', 'PTB', 'pyo', 'pygame'] (in that order).
7.4845 	WARNING 	Couldn't measure a consistent frame rate!
  - Is your graphics card set to sync to vertical blank?
  - Are you running other processes on your computer?

7.4851 	EXP 	Created window1 = Window(allowGUI=True, allowStencil=False, autoLog=True, backendConf=UNKNOWN, bitsMode=UNKNOWN, blendMode='avg', bpc=(8, 8, 8), color=array([-1., -1., -1.]), colorSpace='rgb', depthBits=8, fullscr=<method-wrapper '__getattribute__' of attributeSetter object at 0x7fada0babc40>, gamma=None, gammaErrorPolicy='raise', lms=UNKNOWN, monitor=<psychopy.monitors.calibTools.Monitor object at 0x7fadb710eee0>, multiSample=False, name='window1', numSamples=2, pos=[480.0, 270.0], screen=0, size=array([3840, 2160]), stencilBits=0, stereo=False, units='pix', useFBO=True, useRetina=True, viewOri=0.0, viewPos=None, viewScale=None, waitBlanking=True, winType='pyglet')
7.4853 	EXP 	window1: mouseVisible = True
7.4862 	EXP 	window1: mouseVisible = False
7.4862 	EXP 	window1: Attempting to measure frame rate of screen (0) ...
7.4862 	EXP 	window1: recordFrameIntervals = False
7.5991 	EXP 	window1: recordFrameIntervals = True
8.6506 	WARNING 	Couldn't measure a consistent frame rate!
  - Is your graphics card set to sync to vertical blank?
  - Are you running other processes on your computer?

10.0290 	EXP 	Created instructions_text = TextStim(__class__=<class 'psychopy.visual.text.TextStim'>, alignHoriz=method-wrapper(...), alignText='center', alignVert=method-wrapper(...), anchorHoriz='center', anchorVert='center', antialias=True, autoDraw=False, autoLog=True, bold=False, color=array([1, 1, 1]), colorSpace='rgb', contrast=1.0, depth=0.0, flipHoriz=False, flipVert=False, font='Open Sans', fontFiles=[], height=30.0, italic=False, languageStyle='LTR', name='instructions_text', opacity=1.0, ori=0.0, pos=array([0., 0.]), rgb=UNKNOWN, text='Try to score as many points as you can!', units='pix', win=Window(...), wrapWidth=500)
10.2754 	EXP 	Created fixation_6 = ShapeStim(__class__=<class 'psychopy.visual.shape.ShapeStim'>, anchor=('center', 'center'), autoDraw=False, autoLog=True, closeShape=True, color=method-wrapper(...), colorSpace='rgb', contrast=None, depth=0.0, fillColor=array([1, 1, 1]), fillColorSpace='rgb', fillRGB=array([1, 1, 1]), interpolate=True, lineColor=array([1, 1, 1]), lineColorSpace='rgb', lineRGB=array([1, 1, 1]), lineWidth=0.0, name='fixation_6', opacity=1.0, ori=0.0, pos=array([0., 0.]), size=array([20., 20.]), units='pix', vertices=ndarray(...), win=Window(...), windingRule=None)
10.2782 	EXP 	Created fixation_3 = ShapeStim(__class__=<class 'psychopy.visual.shape.ShapeStim'>, anchor=('center', 'center'), autoDraw=False, autoLog=True, closeShape=True, color=method-wrapper(...), colorSpace='rgb', contrast=None, depth=-1.0, fillColor=array([1, 1, 1]), fillColorSpace='rgb', fillRGB=array([1, 1, 1]), interpolate=True, lineColor=array([1, 1, 1]), lineColorSpace='rgb', lineRGB=array([1, 1, 1]), lineWidth=0.0, name='fixation_3', opacity=1.0, ori=0.0, pos=array([0., 0.]), size=array([20., 20.]), units='pix', vertices=ndarray(...), win=Window(...), windingRule=None)
10.2811 	EXP 	Created feedback_circle_3 = ShapeStim(__class__=<class 'psychopy.visual.shape.ShapeStim'>, anchor=('center', 'center'), autoDraw=False, autoLog=True, closeShape=True, color=method-wrapper(...), colorSpace='rgb', contrast=None, depth=0.0, fillColor=array([1, 1, 1]), fillColorSpace='rgb', fillRGB=array([1, 1, 1]), interpolate=True, lineColor=array([1, 1, 1]), lineColorSpace='rgb', lineRGB=array([1, 1, 1]), lineWidth=0.0, name='feedback_circle_3', opacity=1.0, ori=0.0, pos=array([0., 0.]), size=array([1., 1.]), units='pix', vertices=ndarray(...), win=Window(...), windingRule=None)
10.2838 	EXP 	Created fixation_4 = ShapeStim(__class__=<class 'psychopy.visual.shape.ShapeStim'>, anchor=('center', 'center'), autoDraw=False, autoLog=True, closeShape=True, color=method-wrapper(...), colorSpace='rgb', contrast=None, depth=-1.0, fillColor=array([1, 1, 1]), fillColorSpace='rgb', fillRGB=array([1, 1, 1]), interpolate=True, lineColor=array([1, 1, 1]), lineColorSpace='rgb', lineRGB=array([1, 1, 1]), lineWidth=0.0, name='fixation_4', opacity=1.0, ori=0.0, pos=array([0., 0.]), size=array([20., 20.]), units='pix', vertices=ndarray(...), win=Window(...), windingRule=None)
10.2867 	EXP 	Created fixation_5 = ShapeStim(__class__=<class 'psychopy.visual.shape.ShapeStim'>, anchor=('center', 'center'), autoDraw=False, autoLog=True, closeShape=True, color=method-wrapper(...), colorSpace='rgb', contrast=None, depth=0.0, fillColor=array([1, 1, 1]), fillColorSpace='rgb', fillRGB=array([1, 1, 1]), interpolate=True, lineColor=array([1, 1, 1]), lineColorSpace='rgb', lineRGB=array([1, 1, 1]), lineWidth=0.0, name='fixation_5', opacity=1.0, ori=0.0, pos=array([0., 0.]), size=array([20., 20.]), units='pix', vertices=ndarray(...), win=Window(...), windingRule=None)
10.2895 	EXP 	Created text_2 = TextStim(__class__=<class 'psychopy.visual.text.TextStim'>, alignHoriz=method-wrapper(...), alignText='center', alignVert=method-wrapper(...), anchorHoriz='center', anchorVert='center', antialias=True, autoDraw=False, autoLog=True, bold=False, color=array([1, 1, 1]), colorSpace='rgb', contrast=1.0, depth=-1.0, flipHoriz=False, flipVert=False, font='Open Sans', fontFiles=[], height=30.0, italic=False, languageStyle='LTR', name='text_2', opacity=1.0, ori=0.0, pos=array([  8., -32.]), rgb=UNKNOWN, text='scoring...', units='pix', win=Window(...), wrapWidth=500)
10.2908 	EXP 	Created text = TextStim(__class__=<class 'psychopy.visual.text.TextStim'>, alignHoriz=method-wrapper(...), alignText='center', alignVert=method-wrapper(...), anchorHoriz='center', anchorVert='center', antialias=True, autoDraw=False, autoLog=True, bold=False, color=array([1, 1, 1]), colorSpace='rgb', contrast=1.0, depth=-1.0, flipHoriz=False, flipVert=False, font='Open Sans', fontFiles=[], height=30.0, italic=False, languageStyle='LTR', name='text', opacity=1.0, ori=0.0, pos=array([  8., -32.]), rgb=UNKNOWN, text='scoring...', units='pix', win=Window(...), wrapWidth=500)
10.2939 	EXP 	Created fixation_8 = ShapeStim(__class__=<class 'psychopy.visual.shape.ShapeStim'>, anchor=('center', 'center'), autoDraw=False, autoLog=True, closeShape=True, color=method-wrapper(...), colorSpace='rgb', contrast=None, depth=-2.0, fillColor=array([1, 1, 1]), fillColorSpace='rgb', fillRGB=array([1, 1, 1]), interpolate=True, lineColor=array([1, 1, 1]), lineColorSpace='rgb', lineRGB=array([1, 1, 1]), lineWidth=0.0, name='fixation_8', opacity=1.0, ori=0.0, pos=array([0., 0.]), size=array([20., 20.]), units='pix', vertices=ndarray(...), win=Window(...), windingRule=None)
10.2967 	EXP 	Created zero_circle = ShapeStim(__class__=<class 'psychopy.visual.shape.ShapeStim'>, anchor=('center', 'center'), autoDraw=False, autoLog=True, closeShape=True, color=method-wrapper(...), colorSpace='rgb', contrast=None, depth=-1.0, fillColor=array([0, 0, 0]), fillColorSpace='rgb', fillRGB=array([0, 0, 0]), interpolate=True, lineColor=array([1, 1, 1]), lineColorSpace='rgb', lineRGB=array([1, 1, 1]), lineWidth=8.0, name='zero_circle', opacity=0.4, ori=0.0, pos=array([0., 0.]), size=array([400., 400.]), units='pix', vertices=ndarray(...), win=Window(...), windingRule=None)
10.2995 	EXP 	Created outer_circle = ShapeStim(__class__=<class 'psychopy.visual.shape.ShapeStim'>, anchor=('center', 'center'), autoDraw=False, autoLog=True, closeShape=True, color=method-wrapper(...), colorSpace='rgb', contrast=None, depth=-2.0, fillColor=array([0, 0, 0]), fillColorSpace='rgb', fillRGB=array([0, 0, 0]), interpolate=True, lineColor=array([1, 1, 1]), lineColorSpace='rgb', lineRGB=array([1, 1, 1]), lineWidth=8.0, name='outer_circle', opacity=0.4, ori=0.0, pos=array([0., 0.]), size=array([600., 600.]), units='pix', vertices=ndarray(...), win=Window(...), windingRule=None)
10.3022 	EXP 	Created feedback_circle = ShapeStim(__class__=<class 'psychopy.visual.shape.ShapeStim'>, anchor=('center', 'center'), autoDraw=False, autoLog=True, closeShape=True, color=method-wrapper(...), colorSpace='rgb', contrast=None, depth=-3.0, fillColor=array([1, 1, 1]), fillColorSpace='rgb', fillRGB=array([1, 1, 1]), interpolate=True, lineColor=array([1, 1, 1]), lineColorSpace='rgb', lineRGB=array([1, 1, 1]), lineWidth=0.0, name='feedback_circle', opacity=1.0, ori=0.0, pos=array([0., 0.]), size=array([1., 1.]), units='pix', vertices=ndarray(...), win=Window(...), windingRule=None)
10.3049 	EXP 	Created fixation = ShapeStim(__class__=<class 'psychopy.visual.shape.ShapeStim'>, anchor=('center', 'center'), autoDraw=False, autoLog=True, closeShape=True, color=method-wrapper(...), colorSpace='rgb', contrast=None, depth=-4.0, fillColor=array([1, 1, 1]), fillColorSpace='rgb', fillRGB=array([1, 1, 1]), interpolate=True, lineColor=array([1, 1, 1]), lineColorSpace='rgb', lineRGB=array([1, 1, 1]), lineWidth=0.0, name='fixation', opacity=1.0, ori=0.0, pos=array([0., 0.]), size=array([20., 20.]), units='pix', vertices=ndarray(...), win=Window(...), windingRule=None)
10.3077 	EXP 	Created fixation_7 = ShapeStim(__class__=<class 'psychopy.visual.shape.ShapeStim'>, anchor=('center', 'center'), autoDraw=False, autoLog=True, closeShape=True, color=method-wrapper(...), colorSpace='rgb', contrast=None, depth=0.0, fillColor=array([1, 1, 1]), fillColorSpace='rgb', fillRGB=array([1, 1, 1]), interpolate=True, lineColor=array([1, 1, 1]), lineColorSpace='rgb', lineRGB=array([1, 1, 1]), lineWidth=0.0, name='fixation_7', opacity=1.0, ori=0.0, pos=array([0., 0.]), size=array([20., 20.]), units='pix', vertices=ndarray(...), win=Window(...), windingRule=None)
10.3081 	EXP 	Created end_screen_text = TextStim(__class__=<class 'psychopy.visual.text.TextStim'>, alignHoriz=method-wrapper(...), alignText='center', alignVert=method-wrapper(...), anchorHoriz='center', anchorVert='center', antialias=True, autoDraw=False, autoLog=True, bold=False, color=array([1, 1, 1]), colorSpace='rgb', contrast=1.0, depth=0.0, flipHoriz=False, flipVert=False, font='Open Sans', fontFiles=[], height=30.0, italic=False, languageStyle='LTR', name='end_screen_text', opacity=1.0, ori=0.0, pos=array([0., 0.]), rgb=UNKNOWN, text='', units='pix', win=Window(...), wrapWidth=500)
10.5529 	WARNING 	t of last frame was 1902.44ms (=1/0)
10.5529 	EXP 	instructions_text: autoDraw = True
13.6705 	WARNING 	t of last frame was 20.01ms (=1/49)
18.1034 	DATA 	Keypress: space
18.1063 	EXP 	instructions_text: autoDraw = False
18.1063 	EXP 	fixation_6: autoDraw = True
19.4037 	WARNING 	t of last frame was 20.64ms (=1/48)
21.5568 	WARNING 	t of last frame was 20.60ms (=1/48)
21.8748 	WARNING 	Multiple dropped frames have occurred - I'll stop bothering you about them!
78.0980 	EXP 	Imported data/sub-RP922/inputs/sub-RP922_ses-1_task-feedback_run-1_events.csv as conditions, 18 conditions, 13 params
78.0986 	EXP 	Created sequence: sequential, trialTypes=18, nReps=1, seed=None
78.0990 	EXP 	New trial (rep=0, index=0): OrderedDict([('trial_type', 'induction'), ('planned_onset', 68.0), ('duration', 6), ('iti_dur', 8), ('trial_num', 1), ('calculation_dur', 2), ('feedback_dur', 4), ('post_induction_dur', 6), ('subject', 922), ('ses', 1), ('task', 'feedback'), ('run', 1), ('onset', 68.0)])
78.1057 	EXP 	fixation_6: autoDraw = False
78.1057 	EXP 	fixation_6: autoDraw = False
78.1057 	EXP 	fixation_3: autoDraw = True
86.1244 	EXP 	fixation_3: autoDraw = False
86.1244 	EXP 	feedback_circle_3: fillColor = <psychopy.colors.Color: (0.0, 0.0, 0.0, 1.0)>
86.1244 	EXP 	feedback_circle_3: autoDraw = True
86.1244 	EXP 	fixation_4: autoDraw = True
92.1126 	EXP 	feedback_circle_3: autoDraw = False
92.1126 	EXP 	fixation_4: autoDraw = False
92.1126 	EXP 	fixation_5: autoDraw = True
92.1126 	EXP 	text_2: autoDraw = True
98.1076 	EXP 	fixation_5: autoDraw = False
98.1076 	EXP 	text_2: autoDraw = False
98.1076 	EXP 	fixation_5: autoDraw = False
98.1076 	EXP 	text_2: autoDraw = False
98.1076 	EXP 	text: autoDraw = True
98.1076 	EXP 	fixation_8: autoDraw = True
128.1066 	EXP 	window1: mouseVisible = True
